{"level":"error","message":"Proxy Error : socket hang up","service":"api-gateway","timestamp":"2025-12-22T14:10:12.461Z"}
{"level":"info","message":"Received GET request to /v1/posts/all-posts","service":"api-gateway","timestamp":"2025-12-22T14:10:16.656Z"}
{"level":"info","message":"Request Body, undefined","service":"api-gateway","timestamp":"2025-12-22T14:10:16.656Z"}
{"level":"info","message":"token: ","service":"api-gateway","timestamp":"2025-12-22T14:10:16.657Z","token":"eyJhbGciOiJIUzI1NiIsInR5cCI6IkpXVCJ9.eyJ1c2VySWQiOiI2OTQ5NGYwZGI1YzEwNWNhYTY0NTllNzUiLCJ1c2VybmFtZSI6IkNOS0QzIiwiaWF0IjoxNzY2NDEyMDQ2LCJleHAiOjE3NjY0MTU2NDZ9.RbRWQ0sQ8m1S4pL2jN7JD9t-u2jSDNDYG0ZGNGqXraw"}
{"level":"error","message":"Proxy Error : socket hang up","service":"api-gateway","timestamp":"2025-12-22T14:18:50.987Z"}
{"level":"info","message":"Received GET request to /v1/posts/all-posts","service":"api-gateway","timestamp":"2025-12-22T14:18:53.385Z"}
{"level":"info","message":"Request Body, undefined","service":"api-gateway","timestamp":"2025-12-22T14:18:53.385Z"}
{"level":"info","message":"token: ","service":"api-gateway","timestamp":"2025-12-22T14:18:53.387Z","token":"eyJhbGciOiJIUzI1NiIsInR5cCI6IkpXVCJ9.eyJ1c2VySWQiOiI2OTQ5NGYwZGI1YzEwNWNhYTY0NTllNzUiLCJ1c2VybmFtZSI6IkNOS0QzIiwiaWF0IjoxNzY2NDEyMDQ2LCJleHAiOjE3NjY0MTU2NDZ9.RbRWQ0sQ8m1S4pL2jN7JD9t-u2jSDNDYG0ZGNGqXraw"}
{"level":"error","message":"Proxy Error : socket hang up","service":"api-gateway","timestamp":"2025-12-22T14:22:42.530Z"}
{"level":"info","message":"Received GET request to /v1/posts/all-posts","service":"api-gateway","timestamp":"2025-12-22T14:22:47.345Z"}
{"level":"info","message":"Request Body, undefined","service":"api-gateway","timestamp":"2025-12-22T14:22:47.345Z"}
{"level":"info","message":"token: ","service":"api-gateway","timestamp":"2025-12-22T14:22:47.348Z","token":"eyJhbGciOiJIUzI1NiIsInR5cCI6IkpXVCJ9.eyJ1c2VySWQiOiI2OTQ5NGYwZGI1YzEwNWNhYTY0NTllNzUiLCJ1c2VybmFtZSI6IkNOS0QzIiwiaWF0IjoxNzY2NDEyMDQ2LCJleHAiOjE3NjY0MTU2NDZ9.RbRWQ0sQ8m1S4pL2jN7JD9t-u2jSDNDYG0ZGNGqXraw"}
{"level":"info","message":"Received GET request to /v1/posts/all-posts","service":"api-gateway","timestamp":"2025-12-22T14:26:38.686Z"}
{"level":"info","message":"Request Body, undefined","service":"api-gateway","timestamp":"2025-12-22T14:26:38.686Z"}
{"level":"info","message":"token: ","service":"api-gateway","timestamp":"2025-12-22T14:26:38.691Z","token":"eyJhbGciOiJIUzI1NiIsInR5cCI6IkpXVCJ9.eyJ1c2VySWQiOiI2OTQ5NGYwZGI1YzEwNWNhYTY0NTllNzUiLCJ1c2VybmFtZSI6IkNOS0QzIiwiaWF0IjoxNzY2NDEyMDQ2LCJleHAiOjE3NjY0MTU2NDZ9.RbRWQ0sQ8m1S4pL2jN7JD9t-u2jSDNDYG0ZGNGqXraw"}
{"level":"info","message":"API gateway running on PORT 3000","service":"api-gateway","timestamp":"2025-12-22T14:30:07.226Z"}
{"level":"info","message":"API gateway running on PORT 3000","service":"api-gateway","timestamp":"2025-12-22T14:33:22.163Z"}
{"level":"info","message":"Received GET request to /v1/posts/all-posts","service":"api-gateway","timestamp":"2025-12-22T14:33:29.652Z"}
{"level":"info","message":"Request Body, undefined","service":"api-gateway","timestamp":"2025-12-22T14:33:29.653Z"}
{"level":"info","message":"token: ","service":"api-gateway","timestamp":"2025-12-22T14:33:29.661Z","token":"eyJhbGciOiJIUzI1NiIsInR5cCI6IkpXVCJ9.eyJ1c2VySWQiOiI2OTQ5NGYwZGI1YzEwNWNhYTY0NTllNzUiLCJ1c2VybmFtZSI6IkNOS0QzIiwiaWF0IjoxNzY2NDEyMDQ2LCJleHAiOjE3NjY0MTU2NDZ9.RbRWQ0sQ8m1S4pL2jN7JD9t-u2jSDNDYG0ZGNGqXraw"}
{"level":"info","message":"Response received from Post Service 200","service":"api-gateway","timestamp":"2025-12-22T14:33:29.801Z"}
{"level":"info","message":"Received GET request to /v1/posts/all-posts","service":"api-gateway","timestamp":"2025-12-22T14:35:13.585Z"}
{"level":"info","message":"Request Body, undefined","service":"api-gateway","timestamp":"2025-12-22T14:35:13.586Z"}
{"level":"info","message":"token: ","service":"api-gateway","timestamp":"2025-12-22T14:35:13.589Z","token":"eyJhbGciOiJIUzI1NiIsInR5cCI6IkpXVCJ9.eyJ1c2VySWQiOiI2OTQ5NGYwZGI1YzEwNWNhYTY0NTllNzUiLCJ1c2VybmFtZSI6IkNOS0QzIiwiaWF0IjoxNzY2NDEyMDQ2LCJleHAiOjE3NjY0MTU2NDZ9.RbRWQ0sQ8m1S4pL2jN7JD9t-u2jSDNDYG0ZGNGqXraw"}
{"level":"info","message":"Response received from Post Service 200","service":"api-gateway","timestamp":"2025-12-22T14:35:13.699Z"}
{"level":"info","message":"Received GET request to /v1/posts/all-posts","service":"api-gateway","timestamp":"2025-12-22T14:37:36.913Z"}
{"level":"info","message":"Request Body, undefined","service":"api-gateway","timestamp":"2025-12-22T14:37:36.914Z"}
{"level":"info","message":"token: ","service":"api-gateway","timestamp":"2025-12-22T14:37:36.916Z","token":"eyJhbGciOiJIUzI1NiIsInR5cCI6IkpXVCJ9.eyJ1c2VySWQiOiI2OTQ5NGYwZGI1YzEwNWNhYTY0NTllNzUiLCJ1c2VybmFtZSI6IkNOS0QzIiwiaWF0IjoxNzY2NDEyMDQ2LCJleHAiOjE3NjY0MTU2NDZ9.RbRWQ0sQ8m1S4pL2jN7JD9t-u2jSDNDYG0ZGNGqXraw"}
{"level":"info","message":"Response received from Post Service 200","service":"api-gateway","timestamp":"2025-12-22T14:37:37.039Z"}
{"level":"info","message":"Received GET request to /v1/posts/posts-per-user","service":"api-gateway","timestamp":"2025-12-22T14:39:52.966Z"}
{"level":"info","message":"Request Body, undefined","service":"api-gateway","timestamp":"2025-12-22T14:39:52.967Z"}
{"level":"info","message":"token: ","service":"api-gateway","timestamp":"2025-12-22T14:39:52.969Z","token":"eyJhbGciOiJIUzI1NiIsInR5cCI6IkpXVCJ9.eyJ1c2VySWQiOiI2OTQ5NGYwZGI1YzEwNWNhYTY0NTllNzUiLCJ1c2VybmFtZSI6IkNOS0QzIiwiaWF0IjoxNzY2NDEyMDQ2LCJleHAiOjE3NjY0MTU2NDZ9.RbRWQ0sQ8m1S4pL2jN7JD9t-u2jSDNDYG0ZGNGqXraw"}
{"level":"info","message":"Response received from Post Service 200","service":"api-gateway","timestamp":"2025-12-22T14:39:53.095Z"}
{"level":"info","message":"Received GET request to /v1/posts/posts-per-user","service":"api-gateway","timestamp":"2025-12-22T14:41:33.381Z"}
{"level":"info","message":"Request Body, undefined","service":"api-gateway","timestamp":"2025-12-22T14:41:33.382Z"}
{"level":"info","message":"token: ","service":"api-gateway","timestamp":"2025-12-22T14:41:33.386Z","token":"eyJhbGciOiJIUzI1NiIsInR5cCI6IkpXVCJ9.eyJ1c2VySWQiOiI2OTQ5NGYwZGI1YzEwNWNhYTY0NTllNzUiLCJ1c2VybmFtZSI6IkNOS0QzIiwiaWF0IjoxNzY2NDEyMDQ2LCJleHAiOjE3NjY0MTU2NDZ9.RbRWQ0sQ8m1S4pL2jN7JD9t-u2jSDNDYG0ZGNGqXraw"}
{"level":"info","message":"Response received from Post Service 200","service":"api-gateway","timestamp":"2025-12-22T14:41:33.506Z"}
{"level":"info","message":"Received POST request to /v1/posts/create-post","service":"api-gateway","timestamp":"2025-12-22T14:44:24.739Z"}
{"level":"info","message":"Request Body, [object Object]","service":"api-gateway","timestamp":"2025-12-22T14:44:24.739Z"}
{"level":"info","message":"token: ","service":"api-gateway","timestamp":"2025-12-22T14:44:24.741Z","token":"eyJhbGciOiJIUzI1NiIsInR5cCI6IkpXVCJ9.eyJ1c2VySWQiOiI2OTQ5NGYwZGI1YzEwNWNhYTY0NTllNzUiLCJ1c2VybmFtZSI6IkNOS0QzIiwiaWF0IjoxNzY2NDEyMDQ2LCJleHAiOjE3NjY0MTU2NDZ9.RbRWQ0sQ8m1S4pL2jN7JD9t-u2jSDNDYG0ZGNGqXraw"}
{"level":"info","message":"Response received from Post Service 200","service":"api-gateway","timestamp":"2025-12-22T14:44:24.849Z"}
{"level":"info","message":"Received GET request to /v1/posts/posts-per-user","service":"api-gateway","timestamp":"2025-12-22T14:47:34.149Z"}
{"level":"info","message":"Request Body, undefined","service":"api-gateway","timestamp":"2025-12-22T14:47:34.149Z"}
{"level":"info","message":"token: ","service":"api-gateway","timestamp":"2025-12-22T14:47:34.150Z","token":"eyJhbGciOiJIUzI1NiIsInR5cCI6IkpXVCJ9.eyJ1c2VySWQiOiI2OTQ5NGYwZGI1YzEwNWNhYTY0NTllNzUiLCJ1c2VybmFtZSI6IkNOS0QzIiwiaWF0IjoxNzY2NDEyMDQ2LCJleHAiOjE3NjY0MTU2NDZ9.RbRWQ0sQ8m1S4pL2jN7JD9t-u2jSDNDYG0ZGNGqXraw"}
{"level":"info","message":"Response received from Post Service 200","service":"api-gateway","timestamp":"2025-12-22T14:47:34.213Z"}
{"level":"info","message":"API gateway running on PORT 3000","service":"api-gateway","timestamp":"2025-12-23T10:47:18.151Z"}
{"level":"info","message":"Received GET request to /v1/posts/posts-per-user","service":"api-gateway","timestamp":"2025-12-23T11:22:34.777Z"}
{"level":"info","message":"Request Body, undefined","service":"api-gateway","timestamp":"2025-12-23T11:22:34.779Z"}
{"level":"info","message":"token: ","service":"api-gateway","timestamp":"2025-12-23T11:22:34.796Z","token":"eyJhbGciOiJIUzI1NiIsInR5cCI6IkpXVCJ9.eyJ1c2VySWQiOiI2OTQ5NGYwZGI1YzEwNWNhYTY0NTllNzUiLCJ1c2VybmFtZSI6IkNOS0QzIiwiaWF0IjoxNzY2NDEyMDQ2LCJleHAiOjE3NjY0MTU2NDZ9.RbRWQ0sQ8m1S4pL2jN7JD9t-u2jSDNDYG0ZGNGqXraw"}
{"expiredAt":"2025-12-22T15:00:46.000Z","level":"warn","message":"jwt expired","name":"TokenExpiredError","service":"api-gateway","stack":"TokenExpiredError: jwt expired\n    at /data/html/stop_social_media/api-gateway/node_modules/jsonwebtoken/verify.js:190:21\n    at getSecret (/data/html/stop_social_media/api-gateway/node_modules/jsonwebtoken/verify.js:97:14)\n    at module.exports [as verify] (/data/html/stop_social_media/api-gateway/node_modules/jsonwebtoken/verify.js:101:10)\n    at validateToken (/data/html/stop_social_media/api-gateway/src/middleware/authMiddleware.js:16:9)\n    at Layer.handleRequest (/data/html/stop_social_media/api-gateway/node_modules/router/lib/layer.js:152:17)\n    at trimPrefix (/data/html/stop_social_media/api-gateway/node_modules/router/index.js:342:13)\n    at /data/html/stop_social_media/api-gateway/node_modules/router/index.js:297:9\n    at processParams (/data/html/stop_social_media/api-gateway/node_modules/router/index.js:582:12)\n    at next (/data/html/stop_social_media/api-gateway/node_modules/router/index.js:291:5)\n    at /data/html/stop_social_media/api-gateway/node_modules/express-rate-limit/dist/index.cjs:942:7","timestamp":"2025-12-23T11:22:34.809Z"}
{"level":"info","message":"Received POST request to /v1/auth/register","service":"api-gateway","timestamp":"2025-12-23T11:23:25.502Z"}
{"level":"info","message":"Request Body, [object Object]","service":"api-gateway","timestamp":"2025-12-23T11:23:25.502Z"}
{"level":"info","message":"Response received from Identity Service 200","service":"api-gateway","timestamp":"2025-12-23T11:23:25.961Z"}
{"level":"info","message":"Received GET request to /v1/posts/all-posts","service":"api-gateway","timestamp":"2025-12-23T11:23:55.133Z"}
{"level":"info","message":"Request Body, undefined","service":"api-gateway","timestamp":"2025-12-23T11:23:55.135Z"}
{"level":"info","message":"token: ","service":"api-gateway","timestamp":"2025-12-23T11:23:55.138Z","token":"eyJhbGciOiJIUzI1NiIsInR5cCI6IkpXVCJ9.eyJ1c2VySWQiOiI2OTRhN2JhZGE5NWUzMmQ3MDkwZGZkNWQiLCJ1c2VybmFtZSI6IkNOS0Q0IiwiaWF0IjoxNzY2NDg5MDA1LCJleHAiOjE3NjY0OTI2MDV9.VIvOCsh8hiBXkPKfyyXLRaFr9T25xHj4K_j563CTeEo"}
{"level":"info","message":"Response received from Post Service 200","service":"api-gateway","timestamp":"2025-12-23T11:23:55.312Z"}
{"level":"info","message":"Received GET request to /v1/posts/all-posts","service":"api-gateway","timestamp":"2025-12-23T11:24:19.183Z"}
{"level":"info","message":"Request Body, undefined","service":"api-gateway","timestamp":"2025-12-23T11:24:19.184Z"}
{"level":"info","message":"token: ","service":"api-gateway","timestamp":"2025-12-23T11:24:19.185Z","token":"eyJhbGciOiJIUzI1NiIsInR5cCI6IkpXVCJ9.eyJ1c2VySWQiOiI2OTRhN2JhZGE5NWUzMmQ3MDkwZGZkNWQiLCJ1c2VybmFtZSI6IkNOS0Q0IiwiaWF0IjoxNzY2NDg5MDA1LCJleHAiOjE3NjY0OTI2MDV9.VIvOCsh8hiBXkPKfyyXLRaFr9T25xHj4K_j563CTeEo"}
{"level":"error","message":"Proxy Error : connect ECONNREFUSED 127.0.0.1:3002","service":"api-gateway","timestamp":"2025-12-23T11:24:19.192Z"}
{"level":"info","message":"Received GET request to /v1/posts/all-posts","service":"api-gateway","timestamp":"2025-12-23T11:24:24.559Z"}
{"level":"info","message":"Request Body, undefined","service":"api-gateway","timestamp":"2025-12-23T11:24:24.560Z"}
{"level":"info","message":"token: ","service":"api-gateway","timestamp":"2025-12-23T11:24:24.563Z","token":"eyJhbGciOiJIUzI1NiIsInR5cCI6IkpXVCJ9.eyJ1c2VySWQiOiI2OTRhN2JhZGE5NWUzMmQ3MDkwZGZkNWQiLCJ1c2VybmFtZSI6IkNOS0Q0IiwiaWF0IjoxNzY2NDg5MDA1LCJleHAiOjE3NjY0OTI2MDV9.VIvOCsh8hiBXkPKfyyXLRaFr9T25xHj4K_j563CTeEo"}
{"level":"error","message":"Proxy Error : connect ECONNREFUSED 127.0.0.1:3002","service":"api-gateway","timestamp":"2025-12-23T11:24:24.568Z"}
{"level":"info","message":"API gateway running on PORT 3000","service":"api-gateway","timestamp":"2025-12-23T11:25:31.477Z"}
{"level":"info","message":"Received GET request to /v1/posts/all-posts","service":"api-gateway","timestamp":"2025-12-23T11:25:34.433Z"}
{"level":"info","message":"Request Body, undefined","service":"api-gateway","timestamp":"2025-12-23T11:25:34.434Z"}
{"level":"info","message":"token: ","service":"api-gateway","timestamp":"2025-12-23T11:25:34.445Z","token":"eyJhbGciOiJIUzI1NiIsInR5cCI6IkpXVCJ9.eyJ1c2VySWQiOiI2OTRhN2JhZGE5NWUzMmQ3MDkwZGZkNWQiLCJ1c2VybmFtZSI6IkNOS0Q0IiwiaWF0IjoxNzY2NDg5MDA1LCJleHAiOjE3NjY0OTI2MDV9.VIvOCsh8hiBXkPKfyyXLRaFr9T25xHj4K_j563CTeEo"}
{"level":"error","message":"Proxy Error : connect ECONNREFUSED 127.0.0.1:3002","service":"api-gateway","timestamp":"2025-12-23T11:25:34.467Z"}
{"level":"info","message":"API gateway running on PORT 3000","service":"api-gateway","timestamp":"2025-12-23T11:25:39.934Z"}
{"level":"info","message":"Received GET request to /v1/posts/all-posts","service":"api-gateway","timestamp":"2025-12-23T11:28:07.603Z"}
{"level":"info","message":"Request Body, undefined","service":"api-gateway","timestamp":"2025-12-23T11:28:07.604Z"}
{"level":"info","message":"token: ","service":"api-gateway","timestamp":"2025-12-23T11:28:07.612Z","token":"eyJhbGciOiJIUzI1NiIsInR5cCI6IkpXVCJ9.eyJ1c2VySWQiOiI2OTRhN2JhZGE5NWUzMmQ3MDkwZGZkNWQiLCJ1c2VybmFtZSI6IkNOS0Q0IiwiaWF0IjoxNzY2NDg5MDA1LCJleHAiOjE3NjY0OTI2MDV9.VIvOCsh8hiBXkPKfyyXLRaFr9T25xHj4K_j563CTeEo"}
{"level":"info","message":"Response received from Post Service 200","service":"api-gateway","timestamp":"2025-12-23T11:28:07.792Z"}
{"level":"info","message":"Received GET request to /v1/posts/all-posts","service":"api-gateway","timestamp":"2025-12-23T11:28:14.759Z"}
{"level":"info","message":"Request Body, undefined","service":"api-gateway","timestamp":"2025-12-23T11:28:14.760Z"}
{"level":"info","message":"token: ","service":"api-gateway","timestamp":"2025-12-23T11:28:14.763Z","token":"eyJhbGciOiJIUzI1NiIsInR5cCI6IkpXVCJ9.eyJ1c2VySWQiOiI2OTRhN2JhZGE5NWUzMmQ3MDkwZGZkNWQiLCJ1c2VybmFtZSI6IkNOS0Q0IiwiaWF0IjoxNzY2NDg5MDA1LCJleHAiOjE3NjY0OTI2MDV9.VIvOCsh8hiBXkPKfyyXLRaFr9T25xHj4K_j563CTeEo"}
{"level":"info","message":"Response received from Post Service 200","service":"api-gateway","timestamp":"2025-12-23T11:28:14.781Z"}
{"level":"info","message":"Received GET request to /v1/posts/all-posts","service":"api-gateway","timestamp":"2025-12-23T11:28:23.507Z"}
{"level":"info","message":"Request Body, undefined","service":"api-gateway","timestamp":"2025-12-23T11:28:23.509Z"}
{"level":"info","message":"token: ","service":"api-gateway","timestamp":"2025-12-23T11:28:23.511Z","token":"eyJhbGciOiJIUzI1NiIsInR5cCI6IkpXVCJ9.eyJ1c2VySWQiOiI2OTRhN2JhZGE5NWUzMmQ3MDkwZGZkNWQiLCJ1c2VybmFtZSI6IkNOS0Q0IiwiaWF0IjoxNzY2NDg5MDA1LCJleHAiOjE3NjY0OTI2MDV9.VIvOCsh8hiBXkPKfyyXLRaFr9T25xHj4K_j563CTeEo"}
{"level":"info","message":"Response received from Post Service 200","service":"api-gateway","timestamp":"2025-12-23T11:28:23.529Z"}
{"level":"info","message":"Received GET request to /v1/posts/all-posts","service":"api-gateway","timestamp":"2025-12-23T11:43:48.328Z"}
{"level":"info","message":"Request Body, undefined","service":"api-gateway","timestamp":"2025-12-23T11:43:48.328Z"}
{"level":"info","message":"token: ","service":"api-gateway","timestamp":"2025-12-23T11:43:48.331Z","token":"eyJhbGciOiJIUzI1NiIsInR5cCI6IkpXVCJ9.eyJ1c2VySWQiOiI2OTRhN2JhZGE5NWUzMmQ3MDkwZGZkNWQiLCJ1c2VybmFtZSI6IkNOS0Q0IiwiaWF0IjoxNzY2NDg5MDA1LCJleHAiOjE3NjY0OTI2MDV9.VIvOCsh8hiBXkPKfyyXLRaFr9T25xHj4K_j563CTeEo"}
{"level":"info","message":"Response received from Post Service 200","service":"api-gateway","timestamp":"2025-12-23T11:43:48.497Z"}
{"level":"info","message":"Received GET request to /v1/posts/all-posts","service":"api-gateway","timestamp":"2025-12-23T11:43:52.765Z"}
{"level":"info","message":"Request Body, undefined","service":"api-gateway","timestamp":"2025-12-23T11:43:52.765Z"}
{"level":"info","message":"token: ","service":"api-gateway","timestamp":"2025-12-23T11:43:52.767Z","token":"eyJhbGciOiJIUzI1NiIsInR5cCI6IkpXVCJ9.eyJ1c2VySWQiOiI2OTRhN2JhZGE5NWUzMmQ3MDkwZGZkNWQiLCJ1c2VybmFtZSI6IkNOS0Q0IiwiaWF0IjoxNzY2NDg5MDA1LCJleHAiOjE3NjY0OTI2MDV9.VIvOCsh8hiBXkPKfyyXLRaFr9T25xHj4K_j563CTeEo"}
{"level":"info","message":"Response received from Post Service 200","service":"api-gateway","timestamp":"2025-12-23T11:43:52.780Z"}
{"level":"info","message":"Received POST request to /v1/posts/create-post","service":"api-gateway","timestamp":"2025-12-23T11:44:43.155Z"}
{"level":"info","message":"Request Body, [object Object]","service":"api-gateway","timestamp":"2025-12-23T11:44:43.156Z"}
{"level":"info","message":"token: ","service":"api-gateway","timestamp":"2025-12-23T11:44:43.159Z","token":"eyJhbGciOiJIUzI1NiIsInR5cCI6IkpXVCJ9.eyJ1c2VySWQiOiI2OTRhN2JhZGE5NWUzMmQ3MDkwZGZkNWQiLCJ1c2VybmFtZSI6IkNOS0Q0IiwiaWF0IjoxNzY2NDg5MDA1LCJleHAiOjE3NjY0OTI2MDV9.VIvOCsh8hiBXkPKfyyXLRaFr9T25xHj4K_j563CTeEo"}
{"level":"info","message":"Response received from Post Service 200","service":"api-gateway","timestamp":"2025-12-23T11:44:43.241Z"}
{"level":"info","message":"Received GET request to /v1/posts/all-posts","service":"api-gateway","timestamp":"2025-12-23T11:44:48.933Z"}
{"level":"info","message":"Request Body, undefined","service":"api-gateway","timestamp":"2025-12-23T11:44:48.933Z"}
{"level":"info","message":"token: ","service":"api-gateway","timestamp":"2025-12-23T11:44:48.934Z","token":"eyJhbGciOiJIUzI1NiIsInR5cCI6IkpXVCJ9.eyJ1c2VySWQiOiI2OTRhN2JhZGE5NWUzMmQ3MDkwZGZkNWQiLCJ1c2VybmFtZSI6IkNOS0Q0IiwiaWF0IjoxNzY2NDg5MDA1LCJleHAiOjE3NjY0OTI2MDV9.VIvOCsh8hiBXkPKfyyXLRaFr9T25xHj4K_j563CTeEo"}
{"level":"info","message":"Response received from Post Service 200","service":"api-gateway","timestamp":"2025-12-23T11:44:48.947Z"}
{"level":"info","message":"Received GET request to /v1/posts/all-posts","service":"api-gateway","timestamp":"2025-12-23T11:45:12.766Z"}
{"level":"info","message":"Request Body, undefined","service":"api-gateway","timestamp":"2025-12-23T11:45:12.766Z"}
{"level":"info","message":"token: ","service":"api-gateway","timestamp":"2025-12-23T11:45:12.768Z","token":"eyJhbGciOiJIUzI1NiIsInR5cCI6IkpXVCJ9.eyJ1c2VySWQiOiI2OTRhN2JhZGE5NWUzMmQ3MDkwZGZkNWQiLCJ1c2VybmFtZSI6IkNOS0Q0IiwiaWF0IjoxNzY2NDg5MDA1LCJleHAiOjE3NjY0OTI2MDV9.VIvOCsh8hiBXkPKfyyXLRaFr9T25xHj4K_j563CTeEo"}
{"level":"info","message":"Response received from Post Service 200","service":"api-gateway","timestamp":"2025-12-23T11:45:12.781Z"}
{"level":"info","message":"Received POST request to /v1/posts/create-post","service":"api-gateway","timestamp":"2025-12-23T11:46:27.400Z"}
{"level":"info","message":"Request Body, [object Object]","service":"api-gateway","timestamp":"2025-12-23T11:46:27.401Z"}
{"level":"info","message":"token: ","service":"api-gateway","timestamp":"2025-12-23T11:46:27.406Z","token":"eyJhbGciOiJIUzI1NiIsInR5cCI6IkpXVCJ9.eyJ1c2VySWQiOiI2OTRhN2JhZGE5NWUzMmQ3MDkwZGZkNWQiLCJ1c2VybmFtZSI6IkNOS0Q0IiwiaWF0IjoxNzY2NDg5MDA1LCJleHAiOjE3NjY0OTI2MDV9.VIvOCsh8hiBXkPKfyyXLRaFr9T25xHj4K_j563CTeEo"}
{"level":"info","message":"Response received from Post Service 200","service":"api-gateway","timestamp":"2025-12-23T11:46:27.556Z"}
{"level":"info","message":"Received POST request to /v1/posts/create-post","service":"api-gateway","timestamp":"2025-12-23T12:07:20.477Z"}
{"level":"info","message":"Request Body, [object Object]","service":"api-gateway","timestamp":"2025-12-23T12:07:20.479Z"}
{"level":"info","message":"token: ","service":"api-gateway","timestamp":"2025-12-23T12:07:20.484Z","token":"eyJhbGciOiJIUzI1NiIsInR5cCI6IkpXVCJ9.eyJ1c2VySWQiOiI2OTRhN2JhZGE5NWUzMmQ3MDkwZGZkNWQiLCJ1c2VybmFtZSI6IkNOS0Q0IiwiaWF0IjoxNzY2NDg5MDA1LCJleHAiOjE3NjY0OTI2MDV9.VIvOCsh8hiBXkPKfyyXLRaFr9T25xHj4K_j563CTeEo"}
{"level":"info","message":"Response received from Post Service 500","service":"api-gateway","timestamp":"2025-12-23T12:07:20.615Z"}
{"level":"info","message":"Received POST request to /v1/posts/create-post","service":"api-gateway","timestamp":"2025-12-23T12:07:38.596Z"}
{"level":"info","message":"Request Body, [object Object]","service":"api-gateway","timestamp":"2025-12-23T12:07:38.596Z"}
{"level":"info","message":"token: ","service":"api-gateway","timestamp":"2025-12-23T12:07:38.597Z","token":"eyJhbGciOiJIUzI1NiIsInR5cCI6IkpXVCJ9.eyJ1c2VySWQiOiI2OTRhN2JhZGE5NWUzMmQ3MDkwZGZkNWQiLCJ1c2VybmFtZSI6IkNOS0Q0IiwiaWF0IjoxNzY2NDg5MDA1LCJleHAiOjE3NjY0OTI2MDV9.VIvOCsh8hiBXkPKfyyXLRaFr9T25xHj4K_j563CTeEo"}
{"level":"info","message":"Response received from Post Service 200","service":"api-gateway","timestamp":"2025-12-23T12:07:38.672Z"}
{"level":"info","message":"Received POST request to /v1/posts/create-post","service":"api-gateway","timestamp":"2025-12-23T12:07:59.775Z"}
{"level":"info","message":"Request Body, [object Object]","service":"api-gateway","timestamp":"2025-12-23T12:07:59.775Z"}
{"level":"info","message":"token: ","service":"api-gateway","timestamp":"2025-12-23T12:07:59.776Z","token":"eyJhbGciOiJIUzI1NiIsInR5cCI6IkpXVCJ9.eyJ1c2VySWQiOiI2OTRhN2JhZGE5NWUzMmQ3MDkwZGZkNWQiLCJ1c2VybmFtZSI6IkNOS0Q0IiwiaWF0IjoxNzY2NDg5MDA1LCJleHAiOjE3NjY0OTI2MDV9.VIvOCsh8hiBXkPKfyyXLRaFr9T25xHj4K_j563CTeEo"}
{"level":"info","message":"Response received from Post Service 200","service":"api-gateway","timestamp":"2025-12-23T12:07:59.866Z"}
{"level":"info","message":"Received POST request to /v1/posts/create-post","service":"api-gateway","timestamp":"2025-12-23T12:10:18.869Z"}
{"level":"info","message":"Request Body, [object Object]","service":"api-gateway","timestamp":"2025-12-23T12:10:18.869Z"}
{"level":"info","message":"token: ","service":"api-gateway","timestamp":"2025-12-23T12:10:18.871Z","token":"eyJhbGciOiJIUzI1NiIsInR5cCI6IkpXVCJ9.eyJ1c2VySWQiOiI2OTRhN2JhZGE5NWUzMmQ3MDkwZGZkNWQiLCJ1c2VybmFtZSI6IkNOS0Q0IiwiaWF0IjoxNzY2NDg5MDA1LCJleHAiOjE3NjY0OTI2MDV9.VIvOCsh8hiBXkPKfyyXLRaFr9T25xHj4K_j563CTeEo"}
{"level":"info","message":"Response received from Post Service 500","service":"api-gateway","timestamp":"2025-12-23T12:10:19.045Z"}
{"level":"info","message":"Received POST request to /v1/posts/create-post","service":"api-gateway","timestamp":"2025-12-23T12:12:34.542Z"}
{"level":"info","message":"Request Body, [object Object]","service":"api-gateway","timestamp":"2025-12-23T12:12:34.543Z"}
{"level":"info","message":"token: ","service":"api-gateway","timestamp":"2025-12-23T12:12:34.544Z","token":"eyJhbGciOiJIUzI1NiIsInR5cCI6IkpXVCJ9.eyJ1c2VySWQiOiI2OTRhN2JhZGE5NWUzMmQ3MDkwZGZkNWQiLCJ1c2VybmFtZSI6IkNOS0Q0IiwiaWF0IjoxNzY2NDg5MDA1LCJleHAiOjE3NjY0OTI2MDV9.VIvOCsh8hiBXkPKfyyXLRaFr9T25xHj4K_j563CTeEo"}
{"level":"info","message":"Response received from Post Service 200","service":"api-gateway","timestamp":"2025-12-23T12:12:34.685Z"}
{"level":"info","message":"Received POST request to /v1/posts/create-post","service":"api-gateway","timestamp":"2025-12-23T12:13:49.670Z"}
{"level":"info","message":"Request Body, [object Object]","service":"api-gateway","timestamp":"2025-12-23T12:13:49.670Z"}
{"level":"info","message":"token: ","service":"api-gateway","timestamp":"2025-12-23T12:13:49.672Z","token":"eyJhbGciOiJIUzI1NiIsInR5cCI6IkpXVCJ9.eyJ1c2VySWQiOiI2OTRhN2JhZGE5NWUzMmQ3MDkwZGZkNWQiLCJ1c2VybmFtZSI6IkNOS0Q0IiwiaWF0IjoxNzY2NDg5MDA1LCJleHAiOjE3NjY0OTI2MDV9.VIvOCsh8hiBXkPKfyyXLRaFr9T25xHj4K_j563CTeEo"}
{"level":"info","message":"Response received from Post Service 200","service":"api-gateway","timestamp":"2025-12-23T12:13:49.787Z"}
{"level":"info","message":"Received POST request to /v1/posts/create-post","service":"api-gateway","timestamp":"2025-12-23T12:14:17.673Z"}
{"level":"info","message":"Request Body, [object Object]","service":"api-gateway","timestamp":"2025-12-23T12:14:17.674Z"}
{"level":"info","message":"token: ","service":"api-gateway","timestamp":"2025-12-23T12:14:17.676Z","token":"eyJhbGciOiJIUzI1NiIsInR5cCI6IkpXVCJ9.eyJ1c2VySWQiOiI2OTRhN2JhZGE5NWUzMmQ3MDkwZGZkNWQiLCJ1c2VybmFtZSI6IkNOS0Q0IiwiaWF0IjoxNzY2NDg5MDA1LCJleHAiOjE3NjY0OTI2MDV9.VIvOCsh8hiBXkPKfyyXLRaFr9T25xHj4K_j563CTeEo"}
{"level":"info","message":"Response received from Post Service 500","service":"api-gateway","timestamp":"2025-12-23T12:14:17.815Z"}
{"level":"info","message":"Received POST request to /v1/posts/create-post","service":"api-gateway","timestamp":"2025-12-23T12:14:31.324Z"}
{"level":"info","message":"Request Body, [object Object]","service":"api-gateway","timestamp":"2025-12-23T12:14:31.324Z"}
{"level":"info","message":"token: ","service":"api-gateway","timestamp":"2025-12-23T12:14:31.327Z","token":"eyJhbGciOiJIUzI1NiIsInR5cCI6IkpXVCJ9.eyJ1c2VySWQiOiI2OTRhN2JhZGE5NWUzMmQ3MDkwZGZkNWQiLCJ1c2VybmFtZSI6IkNOS0Q0IiwiaWF0IjoxNzY2NDg5MDA1LCJleHAiOjE3NjY0OTI2MDV9.VIvOCsh8hiBXkPKfyyXLRaFr9T25xHj4K_j563CTeEo"}
{"level":"info","message":"Response received from Post Service 200","service":"api-gateway","timestamp":"2025-12-23T12:14:31.418Z"}
{"level":"info","message":"Received GET request to /v1/posts/all-posts","service":"api-gateway","timestamp":"2025-12-23T12:14:55.743Z"}
{"level":"info","message":"Request Body, undefined","service":"api-gateway","timestamp":"2025-12-23T12:14:55.743Z"}
{"level":"info","message":"token: ","service":"api-gateway","timestamp":"2025-12-23T12:14:55.745Z","token":"eyJhbGciOiJIUzI1NiIsInR5cCI6IkpXVCJ9.eyJ1c2VySWQiOiI2OTRhN2JhZGE5NWUzMmQ3MDkwZGZkNWQiLCJ1c2VybmFtZSI6IkNOS0Q0IiwiaWF0IjoxNzY2NDg5MDA1LCJleHAiOjE3NjY0OTI2MDV9.VIvOCsh8hiBXkPKfyyXLRaFr9T25xHj4K_j563CTeEo"}
{"level":"info","message":"Response received from Post Service 200","service":"api-gateway","timestamp":"2025-12-23T12:14:55.882Z"}
{"level":"info","message":"Received GET request to /v1/posts/all-posts","service":"api-gateway","timestamp":"2025-12-23T12:15:01.616Z"}
{"level":"info","message":"Request Body, undefined","service":"api-gateway","timestamp":"2025-12-23T12:15:01.616Z"}
{"level":"info","message":"token: ","service":"api-gateway","timestamp":"2025-12-23T12:15:01.617Z","token":"eyJhbGciOiJIUzI1NiIsInR5cCI6IkpXVCJ9.eyJ1c2VySWQiOiI2OTRhN2JhZGE5NWUzMmQ3MDkwZGZkNWQiLCJ1c2VybmFtZSI6IkNOS0Q0IiwiaWF0IjoxNzY2NDg5MDA1LCJleHAiOjE3NjY0OTI2MDV9.VIvOCsh8hiBXkPKfyyXLRaFr9T25xHj4K_j563CTeEo"}
{"level":"info","message":"Response received from Post Service 200","service":"api-gateway","timestamp":"2025-12-23T12:15:01.632Z"}
{"level":"info","message":"Received POST request to /v1/posts/create-post","service":"api-gateway","timestamp":"2025-12-23T12:15:13.150Z"}
{"level":"info","message":"Request Body, [object Object]","service":"api-gateway","timestamp":"2025-12-23T12:15:13.150Z"}
{"level":"info","message":"token: ","service":"api-gateway","timestamp":"2025-12-23T12:15:13.151Z","token":"eyJhbGciOiJIUzI1NiIsInR5cCI6IkpXVCJ9.eyJ1c2VySWQiOiI2OTRhN2JhZGE5NWUzMmQ3MDkwZGZkNWQiLCJ1c2VybmFtZSI6IkNOS0Q0IiwiaWF0IjoxNzY2NDg5MDA1LCJleHAiOjE3NjY0OTI2MDV9.VIvOCsh8hiBXkPKfyyXLRaFr9T25xHj4K_j563CTeEo"}
{"level":"info","message":"Response received from Post Service 200","service":"api-gateway","timestamp":"2025-12-23T12:15:13.214Z"}
{"level":"info","message":"Received GET request to /v1/posts/all-posts","service":"api-gateway","timestamp":"2025-12-23T12:15:19.024Z"}
{"level":"info","message":"Request Body, undefined","service":"api-gateway","timestamp":"2025-12-23T12:15:19.024Z"}
{"level":"info","message":"token: ","service":"api-gateway","timestamp":"2025-12-23T12:15:19.026Z","token":"eyJhbGciOiJIUzI1NiIsInR5cCI6IkpXVCJ9.eyJ1c2VySWQiOiI2OTRhN2JhZGE5NWUzMmQ3MDkwZGZkNWQiLCJ1c2VybmFtZSI6IkNOS0Q0IiwiaWF0IjoxNzY2NDg5MDA1LCJleHAiOjE3NjY0OTI2MDV9.VIvOCsh8hiBXkPKfyyXLRaFr9T25xHj4K_j563CTeEo"}
{"level":"info","message":"Response received from Post Service 200","service":"api-gateway","timestamp":"2025-12-23T12:15:19.038Z"}
{"level":"info","message":"Received GET request to /v1/posts/all-posts","service":"api-gateway","timestamp":"2025-12-23T12:15:23.458Z"}
{"level":"info","message":"Request Body, undefined","service":"api-gateway","timestamp":"2025-12-23T12:15:23.459Z"}
{"level":"info","message":"token: ","service":"api-gateway","timestamp":"2025-12-23T12:15:23.461Z","token":"eyJhbGciOiJIUzI1NiIsInR5cCI6IkpXVCJ9.eyJ1c2VySWQiOiI2OTRhN2JhZGE5NWUzMmQ3MDkwZGZkNWQiLCJ1c2VybmFtZSI6IkNOS0Q0IiwiaWF0IjoxNzY2NDg5MDA1LCJleHAiOjE3NjY0OTI2MDV9.VIvOCsh8hiBXkPKfyyXLRaFr9T25xHj4K_j563CTeEo"}
{"level":"info","message":"Response received from Post Service 200","service":"api-gateway","timestamp":"2025-12-23T12:15:23.470Z"}
{"level":"info","message":"Received GET request to /v1/posts/all-posts","service":"api-gateway","timestamp":"2025-12-23T12:19:07.072Z"}
{"level":"info","message":"Request Body, undefined","service":"api-gateway","timestamp":"2025-12-23T12:19:07.073Z"}
{"level":"info","message":"token: ","service":"api-gateway","timestamp":"2025-12-23T12:19:07.075Z","token":"eyJhbGciOiJIUzI1NiIsInR5cCI6IkpXVCJ9.eyJ1c2VySWQiOiI2OTRhN2JhZGE5NWUzMmQ3MDkwZGZkNWQiLCJ1c2VybmFtZSI6IkNOS0Q0IiwiaWF0IjoxNzY2NDg5MDA1LCJleHAiOjE3NjY0OTI2MDV9.VIvOCsh8hiBXkPKfyyXLRaFr9T25xHj4K_j563CTeEo"}
{"level":"info","message":"Response received from Post Service 200","service":"api-gateway","timestamp":"2025-12-23T12:19:07.150Z"}
{"level":"info","message":"Received GET request to /v1/posts/all-posts","service":"api-gateway","timestamp":"2025-12-23T12:19:10.052Z"}
{"level":"info","message":"Request Body, undefined","service":"api-gateway","timestamp":"2025-12-23T12:19:10.052Z"}
{"level":"info","message":"token: ","service":"api-gateway","timestamp":"2025-12-23T12:19:10.054Z","token":"eyJhbGciOiJIUzI1NiIsInR5cCI6IkpXVCJ9.eyJ1c2VySWQiOiI2OTRhN2JhZGE5NWUzMmQ3MDkwZGZkNWQiLCJ1c2VybmFtZSI6IkNOS0Q0IiwiaWF0IjoxNzY2NDg5MDA1LCJleHAiOjE3NjY0OTI2MDV9.VIvOCsh8hiBXkPKfyyXLRaFr9T25xHj4K_j563CTeEo"}
{"level":"info","message":"Response received from Post Service 200","service":"api-gateway","timestamp":"2025-12-23T12:19:10.071Z"}
{"level":"info","message":"Received POST request to /v1/posts/create-post","service":"api-gateway","timestamp":"2025-12-23T12:19:20.931Z"}
{"level":"info","message":"Request Body, [object Object]","service":"api-gateway","timestamp":"2025-12-23T12:19:20.932Z"}
{"level":"info","message":"token: ","service":"api-gateway","timestamp":"2025-12-23T12:19:20.933Z","token":"eyJhbGciOiJIUzI1NiIsInR5cCI6IkpXVCJ9.eyJ1c2VySWQiOiI2OTRhN2JhZGE5NWUzMmQ3MDkwZGZkNWQiLCJ1c2VybmFtZSI6IkNOS0Q0IiwiaWF0IjoxNzY2NDg5MDA1LCJleHAiOjE3NjY0OTI2MDV9.VIvOCsh8hiBXkPKfyyXLRaFr9T25xHj4K_j563CTeEo"}
{"level":"info","message":"Response received from Post Service 200","service":"api-gateway","timestamp":"2025-12-23T12:19:21.035Z"}
{"level":"info","message":"Received GET request to /v1/posts/all-posts","service":"api-gateway","timestamp":"2025-12-23T12:19:30.669Z"}
{"level":"info","message":"Request Body, undefined","service":"api-gateway","timestamp":"2025-12-23T12:19:30.669Z"}
{"level":"info","message":"token: ","service":"api-gateway","timestamp":"2025-12-23T12:19:30.671Z","token":"eyJhbGciOiJIUzI1NiIsInR5cCI6IkpXVCJ9.eyJ1c2VySWQiOiI2OTRhN2JhZGE5NWUzMmQ3MDkwZGZkNWQiLCJ1c2VybmFtZSI6IkNOS0Q0IiwiaWF0IjoxNzY2NDg5MDA1LCJleHAiOjE3NjY0OTI2MDV9.VIvOCsh8hiBXkPKfyyXLRaFr9T25xHj4K_j563CTeEo"}
{"level":"info","message":"Response received from Post Service 200","service":"api-gateway","timestamp":"2025-12-23T12:19:30.832Z"}
{"level":"info","message":"Received GET request to /v1/posts/?id=694a877d2020bacdd98ac0d5","service":"api-gateway","timestamp":"2025-12-23T14:53:34.658Z"}
{"level":"info","message":"Request Body, undefined","service":"api-gateway","timestamp":"2025-12-23T14:53:34.660Z"}
{"level":"info","message":"token: ","service":"api-gateway","timestamp":"2025-12-23T14:53:34.667Z","token":"eyJhbGciOiJIUzI1NiIsInR5cCI6IkpXVCJ9.eyJ1c2VySWQiOiI2OTQ5NGYwZGI1YzEwNWNhYTY0NTllNzUiLCJ1c2VybmFtZSI6IkNOS0QzIiwiaWF0IjoxNzY2NDEyMDQ2LCJleHAiOjE3NjY0MTU2NDZ9.RbRWQ0sQ8m1S4pL2jN7JD9t-u2jSDNDYG0ZGNGqXraw"}
{"expiredAt":"2025-12-22T15:00:46.000Z","level":"warn","message":"jwt expired","name":"TokenExpiredError","service":"api-gateway","stack":"TokenExpiredError: jwt expired\n    at /data/html/stop_social_media/api-gateway/node_modules/jsonwebtoken/verify.js:190:21\n    at getSecret (/data/html/stop_social_media/api-gateway/node_modules/jsonwebtoken/verify.js:97:14)\n    at module.exports [as verify] (/data/html/stop_social_media/api-gateway/node_modules/jsonwebtoken/verify.js:101:10)\n    at validateToken (/data/html/stop_social_media/api-gateway/src/middleware/authMiddleware.js:16:9)\n    at Layer.handleRequest (/data/html/stop_social_media/api-gateway/node_modules/router/lib/layer.js:152:17)\n    at trimPrefix (/data/html/stop_social_media/api-gateway/node_modules/router/index.js:342:13)\n    at /data/html/stop_social_media/api-gateway/node_modules/router/index.js:297:9\n    at processParams (/data/html/stop_social_media/api-gateway/node_modules/router/index.js:582:12)\n    at next (/data/html/stop_social_media/api-gateway/node_modules/router/index.js:291:5)\n    at /data/html/stop_social_media/api-gateway/node_modules/express-rate-limit/dist/index.cjs:942:7","timestamp":"2025-12-23T14:53:34.671Z"}
{"level":"info","message":"Received POST request to /v1/auth/register","service":"api-gateway","timestamp":"2025-12-23T14:53:57.324Z"}
{"level":"info","message":"Request Body, [object Object]","service":"api-gateway","timestamp":"2025-12-23T14:53:57.324Z"}
{"level":"info","message":"Response received from Identity Service 200","service":"api-gateway","timestamp":"2025-12-23T14:53:57.657Z"}
{"level":"info","message":"Received POST request to /v1/posts/create-post","service":"api-gateway","timestamp":"2025-12-23T14:56:54.444Z"}
{"level":"info","message":"Request Body, [object Object]","service":"api-gateway","timestamp":"2025-12-23T14:56:54.444Z"}
{"level":"info","message":"token: ","service":"api-gateway","timestamp":"2025-12-23T14:56:54.446Z","token":"eyJhbGciOiJIUzI1NiIsInR5cCI6IkpXVCJ9.eyJ1c2VySWQiOiI2OTRhYWQwNWE5NWUzMmQ3MDkwZGZkNjIiLCJ1c2VybmFtZSI6IkNOS0Q1IiwiaWF0IjoxNzY2NTAxNjM3LCJleHAiOjE3NjY1MDUyMzd9.hdgzCyHwHpnBX8T4ghco6UE_wew6YbTOCPSw8YxDSuw"}
{"level":"info","message":"Response received from Post Service 200","service":"api-gateway","timestamp":"2025-12-23T14:56:54.581Z"}
{"level":"info","message":"Received GET request to /v1/posts/?id=694a877d2020bacdd98ac0d5","service":"api-gateway","timestamp":"2025-12-23T14:57:07.987Z"}
{"level":"info","message":"Request Body, undefined","service":"api-gateway","timestamp":"2025-12-23T14:57:07.988Z"}
{"level":"info","message":"token: ","service":"api-gateway","timestamp":"2025-12-23T14:57:07.990Z","token":"eyJhbGciOiJIUzI1NiIsInR5cCI6IkpXVCJ9.eyJ1c2VySWQiOiI2OTRhYWQwNWE5NWUzMmQ3MDkwZGZkNjIiLCJ1c2VybmFtZSI6IkNOS0Q1IiwiaWF0IjoxNzY2NTAxNjM3LCJleHAiOjE3NjY1MDUyMzd9.hdgzCyHwHpnBX8T4ghco6UE_wew6YbTOCPSw8YxDSuw"}
{"level":"info","message":"Response received from Post Service 404","service":"api-gateway","timestamp":"2025-12-23T14:57:08.002Z"}
{"level":"info","message":"Received GET request to /v1/posts/?id=694a877d2020bacdd98ac0d5","service":"api-gateway","timestamp":"2025-12-23T14:59:22.956Z"}
{"level":"info","message":"Request Body, undefined","service":"api-gateway","timestamp":"2025-12-23T14:59:22.957Z"}
{"level":"info","message":"token: ","service":"api-gateway","timestamp":"2025-12-23T14:59:22.958Z","token":"eyJhbGciOiJIUzI1NiIsInR5cCI6IkpXVCJ9.eyJ1c2VySWQiOiI2OTRhYWQwNWE5NWUzMmQ3MDkwZGZkNjIiLCJ1c2VybmFtZSI6IkNOS0Q1IiwiaWF0IjoxNzY2NTAxNjM3LCJleHAiOjE3NjY1MDUyMzd9.hdgzCyHwHpnBX8T4ghco6UE_wew6YbTOCPSw8YxDSuw"}
{"level":"info","message":"Response received from Post Service 404","service":"api-gateway","timestamp":"2025-12-23T14:59:23.014Z"}
{"level":"info","message":"Received GET request to /v1/posts/?id=694a877d2020bacdd98ac0d5","service":"api-gateway","timestamp":"2025-12-23T14:59:42.144Z"}
{"level":"info","message":"Request Body, undefined","service":"api-gateway","timestamp":"2025-12-23T14:59:42.144Z"}
{"level":"info","message":"token: ","service":"api-gateway","timestamp":"2025-12-23T14:59:42.146Z","token":"eyJhbGciOiJIUzI1NiIsInR5cCI6IkpXVCJ9.eyJ1c2VySWQiOiI2OTRhYWQwNWE5NWUzMmQ3MDkwZGZkNjIiLCJ1c2VybmFtZSI6IkNOS0Q1IiwiaWF0IjoxNzY2NTAxNjM3LCJleHAiOjE3NjY1MDUyMzd9.hdgzCyHwHpnBX8T4ghco6UE_wew6YbTOCPSw8YxDSuw"}
{"level":"info","message":"Response received from Post Service 404","service":"api-gateway","timestamp":"2025-12-23T14:59:42.182Z"}
{"level":"info","message":"Received GET request to /v1/posts/posts-per-user","service":"api-gateway","timestamp":"2025-12-23T14:59:48.261Z"}
{"level":"info","message":"Request Body, undefined","service":"api-gateway","timestamp":"2025-12-23T14:59:48.262Z"}
{"level":"info","message":"token: ","service":"api-gateway","timestamp":"2025-12-23T14:59:48.263Z","token":"eyJhbGciOiJIUzI1NiIsInR5cCI6IkpXVCJ9.eyJ1c2VySWQiOiI2OTQ5NGYwZGI1YzEwNWNhYTY0NTllNzUiLCJ1c2VybmFtZSI6IkNOS0QzIiwiaWF0IjoxNzY2NDEyMDQ2LCJleHAiOjE3NjY0MTU2NDZ9.RbRWQ0sQ8m1S4pL2jN7JD9t-u2jSDNDYG0ZGNGqXraw"}
{"expiredAt":"2025-12-22T15:00:46.000Z","level":"warn","message":"jwt expired","name":"TokenExpiredError","service":"api-gateway","stack":"TokenExpiredError: jwt expired\n    at /data/html/stop_social_media/api-gateway/node_modules/jsonwebtoken/verify.js:190:21\n    at getSecret (/data/html/stop_social_media/api-gateway/node_modules/jsonwebtoken/verify.js:97:14)\n    at module.exports [as verify] (/data/html/stop_social_media/api-gateway/node_modules/jsonwebtoken/verify.js:101:10)\n    at validateToken (/data/html/stop_social_media/api-gateway/src/middleware/authMiddleware.js:16:9)\n    at Layer.handleRequest (/data/html/stop_social_media/api-gateway/node_modules/router/lib/layer.js:152:17)\n    at trimPrefix (/data/html/stop_social_media/api-gateway/node_modules/router/index.js:342:13)\n    at /data/html/stop_social_media/api-gateway/node_modules/router/index.js:297:9\n    at processParams (/data/html/stop_social_media/api-gateway/node_modules/router/index.js:582:12)\n    at next (/data/html/stop_social_media/api-gateway/node_modules/router/index.js:291:5)\n    at /data/html/stop_social_media/api-gateway/node_modules/express-rate-limit/dist/index.cjs:942:7","timestamp":"2025-12-23T14:59:48.265Z"}
{"level":"info","message":"Received GET request to /v1/posts/all-posts","service":"api-gateway","timestamp":"2025-12-23T14:59:54.778Z"}
{"level":"info","message":"Request Body, undefined","service":"api-gateway","timestamp":"2025-12-23T14:59:54.778Z"}
{"level":"info","message":"token: ","service":"api-gateway","timestamp":"2025-12-23T14:59:54.779Z","token":"eyJhbGciOiJIUzI1NiIsInR5cCI6IkpXVCJ9.eyJ1c2VySWQiOiI2OTRhN2JhZGE5NWUzMmQ3MDkwZGZkNWQiLCJ1c2VybmFtZSI6IkNOS0Q0IiwiaWF0IjoxNzY2NDg5MDA1LCJleHAiOjE3NjY0OTI2MDV9.VIvOCsh8hiBXkPKfyyXLRaFr9T25xHj4K_j563CTeEo"}
{"expiredAt":"2025-12-23T12:23:25.000Z","level":"warn","message":"jwt expired","name":"TokenExpiredError","service":"api-gateway","stack":"TokenExpiredError: jwt expired\n    at /data/html/stop_social_media/api-gateway/node_modules/jsonwebtoken/verify.js:190:21\n    at getSecret (/data/html/stop_social_media/api-gateway/node_modules/jsonwebtoken/verify.js:97:14)\n    at module.exports [as verify] (/data/html/stop_social_media/api-gateway/node_modules/jsonwebtoken/verify.js:101:10)\n    at validateToken (/data/html/stop_social_media/api-gateway/src/middleware/authMiddleware.js:16:9)\n    at Layer.handleRequest (/data/html/stop_social_media/api-gateway/node_modules/router/lib/layer.js:152:17)\n    at trimPrefix (/data/html/stop_social_media/api-gateway/node_modules/router/index.js:342:13)\n    at /data/html/stop_social_media/api-gateway/node_modules/router/index.js:297:9\n    at processParams (/data/html/stop_social_media/api-gateway/node_modules/router/index.js:582:12)\n    at next (/data/html/stop_social_media/api-gateway/node_modules/router/index.js:291:5)\n    at /data/html/stop_social_media/api-gateway/node_modules/express-rate-limit/dist/index.cjs:942:7","timestamp":"2025-12-23T14:59:54.781Z"}
{"level":"info","message":"Received GET request to /v1/posts/posts-per-user","service":"api-gateway","timestamp":"2025-12-23T15:00:23.576Z"}
{"level":"info","message":"Request Body, undefined","service":"api-gateway","timestamp":"2025-12-23T15:00:23.576Z"}
{"level":"info","message":"token: ","service":"api-gateway","timestamp":"2025-12-23T15:00:23.579Z","token":"eyJhbGciOiJIUzI1NiIsInR5cCI6IkpXVCJ9.eyJ1c2VySWQiOiI2OTRhYWQwNWE5NWUzMmQ3MDkwZGZkNjIiLCJ1c2VybmFtZSI6IkNOS0Q1IiwiaWF0IjoxNzY2NTAxNjM3LCJleHAiOjE3NjY1MDUyMzd9.hdgzCyHwHpnBX8T4ghco6UE_wew6YbTOCPSw8YxDSuw"}
{"level":"info","message":"Response received from Post Service 200","service":"api-gateway","timestamp":"2025-12-23T15:00:23.686Z"}
{"level":"info","message":"Received GET request to /v1/posts/all-posts","service":"api-gateway","timestamp":"2025-12-23T15:00:28.517Z"}
{"level":"info","message":"Request Body, undefined","service":"api-gateway","timestamp":"2025-12-23T15:00:28.517Z"}
{"level":"info","message":"token: ","service":"api-gateway","timestamp":"2025-12-23T15:00:28.519Z","token":"eyJhbGciOiJIUzI1NiIsInR5cCI6IkpXVCJ9.eyJ1c2VySWQiOiI2OTRhN2JhZGE5NWUzMmQ3MDkwZGZkNWQiLCJ1c2VybmFtZSI6IkNOS0Q0IiwiaWF0IjoxNzY2NDg5MDA1LCJleHAiOjE3NjY0OTI2MDV9.eyJhbGciOiJIUzI1NiIsInR5cCI6IkpXVCJ9.eyJ1c2VySWQiOiI2OTRhYWQwNWE5NWUzMmQ3MDkwZGZkNjIiLCJ1c2VybmFtZSI6IkNOS0Q1IiwiaWF0IjoxNzY2NTAxNjM3LCJleHAiOjE3NjY1MDUyMzd9.hdgzCyHwHpnBX8T4ghco6UE_wew6YbTOCPSw8YxDSuw"}
{"level":"warn","message":"jwt malformed","name":"JsonWebTokenError","service":"api-gateway","stack":"JsonWebTokenError: jwt malformed\n    at module.exports [as verify] (/data/html/stop_social_media/api-gateway/node_modules/jsonwebtoken/verify.js:70:17)\n    at validateToken (/data/html/stop_social_media/api-gateway/src/middleware/authMiddleware.js:16:9)\n    at Layer.handleRequest (/data/html/stop_social_media/api-gateway/node_modules/router/lib/layer.js:152:17)\n    at trimPrefix (/data/html/stop_social_media/api-gateway/node_modules/router/index.js:342:13)\n    at /data/html/stop_social_media/api-gateway/node_modules/router/index.js:297:9\n    at processParams (/data/html/stop_social_media/api-gateway/node_modules/router/index.js:582:12)\n    at next (/data/html/stop_social_media/api-gateway/node_modules/router/index.js:291:5)\n    at /data/html/stop_social_media/api-gateway/node_modules/express-rate-limit/dist/index.cjs:942:7\n    at process.processTicksAndRejections (node:internal/process/task_queues:105:5)\n    at async /data/html/stop_social_media/api-gateway/node_modules/express-rate-limit/dist/index.cjs:825:5","timestamp":"2025-12-23T15:00:28.519Z"}
{"level":"info","message":"Received GET request to /v1/posts/all-posts","service":"api-gateway","timestamp":"2025-12-23T15:00:34.101Z"}
{"level":"info","message":"Request Body, undefined","service":"api-gateway","timestamp":"2025-12-23T15:00:34.101Z"}
{"level":"info","message":"token: ","service":"api-gateway","timestamp":"2025-12-23T15:00:34.110Z","token":"eyJhbGciOiJIUzI1NiIsInR5cCI6IkpXVCJ9.eyJ1c2VySWQiOiI2OTRhYWQwNWE5NWUzMmQ3MDkwZGZkNjIiLCJ1c2VybmFtZSI6IkNOS0Q1IiwiaWF0IjoxNzY2NTAxNjM3LCJleHAiOjE3NjY1MDUyMzd9.hdgzCyHwHpnBX8T4ghco6UE_wew6YbTOCPSw8YxDSuw"}
{"level":"info","message":"Response received from Post Service 200","service":"api-gateway","timestamp":"2025-12-23T15:00:34.267Z"}
