{"level":"info","message":"Received GET request to /api/posts/all-posts","service":"post-service","timestamp":"2025-12-23T12:14:55.752Z"}
{"level":"info","message":"Request Body, [object Object]","service":"post-service","timestamp":"2025-12-23T12:14:55.753Z"}
{"level":"info","message":"Post controller getPost hit ...","service":"post-service","timestamp":"2025-12-23T12:14:55.756Z"}
{"level":"info","message":"request body in post controller:","service":"post-service","timestamp":"2025-12-23T12:14:55.758Z"}
{"0":{"__v":0,"_id":"694a87a7b25dbfa4f1451570","createdAt":"2025-12-23T12:14:31.346Z","is_active":true,"mediaIds":[],"post_description":"this is the description of our fifth post","post_name":"this is 7 post by user : CNKD4","updatedAt":"2025-12-23T12:14:31.346Z","user":"694a7bada95e32d7090dfd5d"},"1":{"__v":0,"_id":"694a877d2020bacdd98ac0d5","createdAt":"2025-12-23T12:13:49.723Z","is_active":true,"mediaIds":[],"post_description":"this is the description of our fifth post","post_name":"this is 6 post by user : CNKD4","updatedAt":"2025-12-23T12:13:49.723Z","user":"694a7bada95e32d7090dfd5d"},"2":{"__v":0,"_id":"694a873219eeb79c6e9d00c6","createdAt":"2025-12-23T12:12:34.607Z","is_active":true,"mediaIds":[],"post_description":"this is the description of our fifth post","post_name":"this is 5 post by user : CNKD4","updatedAt":"2025-12-23T12:12:34.607Z","user":"694a7bada95e32d7090dfd5d"},"3":{"__v":0,"_id":"694a861fdf71119550da6aba","createdAt":"2025-12-23T12:07:59.785Z","is_active":true,"mediaIds":[],"post_description":"this is the description of our fifth post","post_name":"this is 4 post by user : CNKD4","updatedAt":"2025-12-23T12:07:59.785Z","user":"694a7bada95e32d7090dfd5d"},"4":{"__v":0,"_id":"694a860adf71119550da6ab8","createdAt":"2025-12-23T12:07:38.610Z","is_active":true,"mediaIds":[],"post_description":"this is the description of our fifth post","post_name":"this is 3 post by user : CNKD4","updatedAt":"2025-12-23T12:07:38.610Z","user":"694a7bada95e32d7090dfd5d"},"5":{"__v":0,"_id":"694a8113df71119550da6ab4","createdAt":"2025-12-23T11:46:27.478Z","is_active":true,"mediaIds":[],"post_description":"this is the description of our fifth post","post_name":"this is second post by user : CNKD4","updatedAt":"2025-12-23T11:46:27.478Z","user":"694a7bada95e32d7090dfd5d"},"6":{"__v":0,"_id":"694a80ab5cfb89a3b2bff862","createdAt":"2025-12-23T11:44:43.183Z","is_active":true,"mediaIds":[],"post_description":"this is the description of our fourth post","post_name":"this is a post by user : CNKD4","updatedAt":"2025-12-23T11:44:43.183Z","user":"694a7bada95e32d7090dfd5d"},"7":{"__v":0,"_id":"69495948ee44b4c082663a46","createdAt":"2025-12-22T14:44:24.774Z","is_active":true,"mediaIds":[],"post_description":"this is the description of our second post","post_name":"this is a post by user : CNKD3","updatedAt":"2025-12-22T14:44:24.774Z","user":"69494f0db5c105caa6459e75"},"8":{"__v":0,"_id":"69492c867dd56c5773a28a4c","createdAt":"2025-12-22T11:33:26.587Z","is_active":true,"mediaIds":[],"post_description":"this is the description of our second post","post_name":"this is our second post","updatedAt":"2025-12-22T11:33:26.587Z","user":"6949253eb94187cc8e6a9841"},"9":{"__v":0,"_id":"694537e4aa3295dfbc2a842f","createdAt":"2025-12-19T11:32:52.742Z","is_active":true,"mediaIds":[],"post_description":"this is the description of our first post","post_name":"this is our first post","updatedAt":"2025-12-19T11:32:52.742Z"},"level":"warn","message":"fetch posts","service":"post-service","timestamp":"2025-12-23T12:14:55.875Z"}
{"level":"info","message":"Received GET request to /api/posts/all-posts","service":"post-service","timestamp":"2025-12-23T12:15:01.623Z"}
{"level":"info","message":"Request Body, [object Object]","service":"post-service","timestamp":"2025-12-23T12:15:01.624Z"}
{"level":"info","message":"Post controller getPost hit ...","service":"post-service","timestamp":"2025-12-23T12:15:01.627Z"}
{"level":"info","message":"Received POST request to /api/posts/create-post","service":"post-service","timestamp":"2025-12-23T12:15:13.155Z"}
{"level":"info","message":"Request Body, [object Object]","service":"post-service","timestamp":"2025-12-23T12:15:13.155Z"}
{"level":"info","message":"Post controller hit ...","service":"post-service","timestamp":"2025-12-23T12:15:13.157Z"}
{"level":"info","message":"request body in controller:","post_description":"this is the description of our fifth post","post_name":"this is 8 post by user : CNKD4","service":"post-service","timestamp":"2025-12-23T12:15:13.158Z"}
{"level":"info","message":"cached keys: ","service":"post-service","timestamp":"2025-12-23T12:15:13.211Z"}
{"level":"info","message":"cached keys after delete: ","service":"post-service","timestamp":"2025-12-23T12:15:13.212Z"}
{"buffer":{"data":[105,74,135,209,178,93,191,164,241,69,21,116],"type":"Buffer"},"level":"warn","message":"Post created successfully","service":"post-service","timestamp":"2025-12-23T12:15:13.212Z"}
{"level":"info","message":"Received GET request to /api/posts/all-posts","service":"post-service","timestamp":"2025-12-23T12:15:19.031Z"}
{"level":"info","message":"Request Body, [object Object]","service":"post-service","timestamp":"2025-12-23T12:15:19.031Z"}
{"level":"info","message":"Post controller getPost hit ...","service":"post-service","timestamp":"2025-12-23T12:15:19.034Z"}
{"level":"info","message":"Received GET request to /api/posts/all-posts","service":"post-service","timestamp":"2025-12-23T12:15:23.465Z"}
{"level":"info","message":"Request Body, [object Object]","service":"post-service","timestamp":"2025-12-23T12:15:23.465Z"}
{"level":"info","message":"Post controller getPost hit ...","service":"post-service","timestamp":"2025-12-23T12:15:23.467Z"}
{"level":"info","message":"Post service running on PORT: 3002","service":"post-service","timestamp":"2025-12-23T12:18:42.791Z"}
{"level":"info","message":"Connected to mongodb","service":"post-service","timestamp":"2025-12-23T12:18:43.771Z"}
{"level":"info","message":"Post service running on PORT: 3002","service":"post-service","timestamp":"2025-12-23T12:18:50.726Z"}
{"level":"info","message":"Connected to mongodb","service":"post-service","timestamp":"2025-12-23T12:18:51.539Z"}
{"level":"info","message":"Received GET request to /api/posts/all-posts","service":"post-service","timestamp":"2025-12-23T12:19:07.114Z"}
{"level":"info","message":"Request Body, [object Object]","service":"post-service","timestamp":"2025-12-23T12:19:07.115Z"}
{"level":"info","message":"Post controller getPost hit ...","service":"post-service","timestamp":"2025-12-23T12:19:07.131Z"}
{"level":"info","message":"Received GET request to /api/posts/all-posts","service":"post-service","timestamp":"2025-12-23T12:19:10.060Z"}
{"level":"info","message":"Request Body, [object Object]","service":"post-service","timestamp":"2025-12-23T12:19:10.061Z"}
{"level":"info","message":"Post controller getPost hit ...","service":"post-service","timestamp":"2025-12-23T12:19:10.065Z"}
{"level":"info","message":"Received POST request to /api/posts/create-post","service":"post-service","timestamp":"2025-12-23T12:19:20.940Z"}
{"level":"info","message":"Request Body, [object Object]","service":"post-service","timestamp":"2025-12-23T12:19:20.941Z"}
{"level":"info","message":"Post controller hit ...","service":"post-service","timestamp":"2025-12-23T12:19:20.944Z"}
{"level":"info","message":"request body in controller:","post_description":"this is the description of our fifth post","post_name":"this is 9 post by user : CNKD4","service":"post-service","timestamp":"2025-12-23T12:19:20.945Z"}
{"0":"posts:1:10","level":"info","message":"cached keys: ","service":"post-service","timestamp":"2025-12-23T12:19:21.029Z"}
{"level":"info","message":"cached keys after delete: ","service":"post-service","timestamp":"2025-12-23T12:19:21.030Z"}
{"buffer":{"data":[105,74,136,200,157,194,198,43,80,147,119,73],"type":"Buffer"},"level":"warn","message":"Post created successfully","service":"post-service","timestamp":"2025-12-23T12:19:21.031Z"}
{"level":"info","message":"Received GET request to /api/posts/all-posts","service":"post-service","timestamp":"2025-12-23T12:19:30.687Z"}
{"level":"info","message":"Request Body, [object Object]","service":"post-service","timestamp":"2025-12-23T12:19:30.690Z"}
{"level":"info","message":"Post controller getPost hit ...","service":"post-service","timestamp":"2025-12-23T12:19:30.693Z"}
{"level":"info","message":"request body in post controller:","service":"post-service","timestamp":"2025-12-23T12:19:30.696Z"}
{"0":{"__v":0,"_id":"694a88c89dc2c62b50937749","createdAt":"2025-12-23T12:19:20.966Z","is_active":true,"mediaIds":[],"post_description":"this is the description of our fifth post","post_name":"this is 9 post by user : CNKD4","updatedAt":"2025-12-23T12:19:20.966Z","user":"694a7bada95e32d7090dfd5d"},"1":{"__v":0,"_id":"694a87d1b25dbfa4f1451574","createdAt":"2025-12-23T12:15:13.160Z","is_active":true,"mediaIds":[],"post_description":"this is the description of our fifth post","post_name":"this is 8 post by user : CNKD4","updatedAt":"2025-12-23T12:15:13.160Z","user":"694a7bada95e32d7090dfd5d"},"2":{"__v":0,"_id":"694a87a7b25dbfa4f1451570","createdAt":"2025-12-23T12:14:31.346Z","is_active":true,"mediaIds":[],"post_description":"this is the description of our fifth post","post_name":"this is 7 post by user : CNKD4","updatedAt":"2025-12-23T12:14:31.346Z","user":"694a7bada95e32d7090dfd5d"},"3":{"__v":0,"_id":"694a877d2020bacdd98ac0d5","createdAt":"2025-12-23T12:13:49.723Z","is_active":true,"mediaIds":[],"post_description":"this is the description of our fifth post","post_name":"this is 6 post by user : CNKD4","updatedAt":"2025-12-23T12:13:49.723Z","user":"694a7bada95e32d7090dfd5d"},"4":{"__v":0,"_id":"694a873219eeb79c6e9d00c6","createdAt":"2025-12-23T12:12:34.607Z","is_active":true,"mediaIds":[],"post_description":"this is the description of our fifth post","post_name":"this is 5 post by user : CNKD4","updatedAt":"2025-12-23T12:12:34.607Z","user":"694a7bada95e32d7090dfd5d"},"5":{"__v":0,"_id":"694a861fdf71119550da6aba","createdAt":"2025-12-23T12:07:59.785Z","is_active":true,"mediaIds":[],"post_description":"this is the description of our fifth post","post_name":"this is 4 post by user : CNKD4","updatedAt":"2025-12-23T12:07:59.785Z","user":"694a7bada95e32d7090dfd5d"},"6":{"__v":0,"_id":"694a860adf71119550da6ab8","createdAt":"2025-12-23T12:07:38.610Z","is_active":true,"mediaIds":[],"post_description":"this is the description of our fifth post","post_name":"this is 3 post by user : CNKD4","updatedAt":"2025-12-23T12:07:38.610Z","user":"694a7bada95e32d7090dfd5d"},"7":{"__v":0,"_id":"694a8113df71119550da6ab4","createdAt":"2025-12-23T11:46:27.478Z","is_active":true,"mediaIds":[],"post_description":"this is the description of our fifth post","post_name":"this is second post by user : CNKD4","updatedAt":"2025-12-23T11:46:27.478Z","user":"694a7bada95e32d7090dfd5d"},"8":{"__v":0,"_id":"694a80ab5cfb89a3b2bff862","createdAt":"2025-12-23T11:44:43.183Z","is_active":true,"mediaIds":[],"post_description":"this is the description of our fourth post","post_name":"this is a post by user : CNKD4","updatedAt":"2025-12-23T11:44:43.183Z","user":"694a7bada95e32d7090dfd5d"},"9":{"__v":0,"_id":"69495948ee44b4c082663a46","createdAt":"2025-12-22T14:44:24.774Z","is_active":true,"mediaIds":[],"post_description":"this is the description of our second post","post_name":"this is a post by user : CNKD3","updatedAt":"2025-12-22T14:44:24.774Z","user":"69494f0db5c105caa6459e75"},"level":"warn","message":"fetch posts","service":"post-service","timestamp":"2025-12-23T12:19:30.824Z"}
{"level":"info","message":"Post service running on PORT: 3002","service":"post-service","timestamp":"2025-12-23T13:56:31.734Z"}
{"level":"info","message":"Connected to mongodb","service":"post-service","timestamp":"2025-12-23T13:56:32.654Z"}
{"level":"info","message":"Post service running on PORT: 3002","service":"post-service","timestamp":"2025-12-23T13:56:56.733Z"}
{"level":"info","message":"Connected to mongodb","service":"post-service","timestamp":"2025-12-23T13:56:57.524Z"}
{"level":"info","message":"Post service running on PORT: 3002","service":"post-service","timestamp":"2025-12-23T13:57:07.418Z"}
{"level":"info","message":"Connected to mongodb","service":"post-service","timestamp":"2025-12-23T13:57:08.951Z"}
{"level":"info","message":"Post service running on PORT: 3002","service":"post-service","timestamp":"2025-12-23T13:57:13.068Z"}
{"level":"info","message":"Connected to mongodb","service":"post-service","timestamp":"2025-12-23T13:57:13.826Z"}
{"level":"info","message":"Post service running on PORT: 3002","service":"post-service","timestamp":"2025-12-23T13:57:30.142Z"}
{"level":"info","message":"Connected to mongodb","service":"post-service","timestamp":"2025-12-23T13:57:31.002Z"}
{"level":"info","message":"Post service running on PORT: 3002","service":"post-service","timestamp":"2025-12-23T13:57:33.379Z"}
{"level":"info","message":"Connected to mongodb","service":"post-service","timestamp":"2025-12-23T13:57:34.251Z"}
{"level":"info","message":"Post service running on PORT: 3002","service":"post-service","timestamp":"2025-12-23T13:57:46.929Z"}
{"level":"info","message":"Post service running on PORT: 3002","service":"post-service","timestamp":"2025-12-23T13:57:48.404Z"}
{"level":"info","message":"Connected to mongodb","service":"post-service","timestamp":"2025-12-23T13:57:49.132Z"}
{"level":"info","message":"Post service running on PORT: 3002","service":"post-service","timestamp":"2025-12-23T13:58:01.476Z"}
{"level":"info","message":"Connected to mongodb","service":"post-service","timestamp":"2025-12-23T13:58:02.290Z"}
{"level":"info","message":"Post service running on PORT: 3002","service":"post-service","timestamp":"2025-12-23T13:58:35.572Z"}
{"level":"info","message":"Connected to mongodb","service":"post-service","timestamp":"2025-12-23T13:58:36.520Z"}
{"level":"info","message":"Post service running on PORT: 3002","service":"post-service","timestamp":"2025-12-23T13:58:49.188Z"}
{"level":"info","message":"Connected to mongodb","service":"post-service","timestamp":"2025-12-23T13:58:50.030Z"}
{"level":"info","message":"Post service running on PORT: 3002","service":"post-service","timestamp":"2025-12-23T13:59:00.311Z"}
{"level":"info","message":"Connected to mongodb","service":"post-service","timestamp":"2025-12-23T13:59:00.995Z"}
{"level":"info","message":"Post service running on PORT: 3002","service":"post-service","timestamp":"2025-12-23T13:59:11.458Z"}
{"level":"info","message":"Connected to mongodb","service":"post-service","timestamp":"2025-12-23T13:59:12.173Z"}
{"level":"info","message":"Post service running on PORT: 3002","service":"post-service","timestamp":"2025-12-23T13:59:20.319Z"}
{"level":"info","message":"Connected to mongodb","service":"post-service","timestamp":"2025-12-23T13:59:21.063Z"}
{"level":"info","message":"Post service running on PORT: 3002","service":"post-service","timestamp":"2025-12-23T13:59:41.398Z"}
{"level":"info","message":"Connected to mongodb","service":"post-service","timestamp":"2025-12-23T13:59:42.263Z"}
{"level":"info","message":"Post service running on PORT: 3002","service":"post-service","timestamp":"2025-12-23T13:59:49.466Z"}
{"level":"info","message":"Connected to mongodb","service":"post-service","timestamp":"2025-12-23T13:59:50.280Z"}
{"level":"info","message":"Post service running on PORT: 3002","service":"post-service","timestamp":"2025-12-23T14:00:01.917Z"}
{"level":"info","message":"Connected to mongodb","service":"post-service","timestamp":"2025-12-23T14:00:02.715Z"}
{"level":"info","message":"Post service running on PORT: 3002","service":"post-service","timestamp":"2025-12-23T14:00:22.042Z"}
{"level":"info","message":"Connected to mongodb","service":"post-service","timestamp":"2025-12-23T14:00:23.077Z"}
{"level":"info","message":"Post service running on PORT: 3002","service":"post-service","timestamp":"2025-12-23T14:00:25.616Z"}
{"level":"info","message":"Connected to mongodb","service":"post-service","timestamp":"2025-12-23T14:00:26.363Z"}
{"level":"info","message":"Post service running on PORT: 3002","service":"post-service","timestamp":"2025-12-23T14:00:53.618Z"}
{"level":"info","message":"Connected to mongodb","service":"post-service","timestamp":"2025-12-23T14:00:54.549Z"}
{"level":"info","message":"Post service running on PORT: 3002","service":"post-service","timestamp":"2025-12-23T14:01:49.571Z"}
{"level":"info","message":"Connected to mongodb","service":"post-service","timestamp":"2025-12-23T14:01:50.657Z"}
{"level":"info","message":"Post service running on PORT: 3002","service":"post-service","timestamp":"2025-12-23T14:51:29.799Z"}
{"level":"info","message":"Connected to mongodb","service":"post-service","timestamp":"2025-12-23T14:51:30.837Z"}
{"level":"info","message":"Post service running on PORT: 3002","service":"post-service","timestamp":"2025-12-23T14:52:56.268Z"}
{"level":"info","message":"Connected to mongodb","service":"post-service","timestamp":"2025-12-23T14:52:57.176Z"}
{"level":"info","message":"Post service running on PORT: 3002","service":"post-service","timestamp":"2025-12-23T14:53:29.102Z"}
{"level":"info","message":"Connected to mongodb","service":"post-service","timestamp":"2025-12-23T14:53:29.911Z"}
{"level":"info","message":"Received POST request to /api/posts/create-post","service":"post-service","timestamp":"2025-12-23T14:56:54.475Z"}
{"level":"info","message":"Request Body, [object Object]","service":"post-service","timestamp":"2025-12-23T14:56:54.476Z"}
{"level":"info","message":"Post controller hit ...","service":"post-service","timestamp":"2025-12-23T14:56:54.483Z"}
{"level":"info","message":"request body in controller:","post_description":"this is the description of our fifth post","post_name":"this is 10 post by user : CNKD4","service":"post-service","timestamp":"2025-12-23T14:56:54.483Z"}
{"level":"info","message":"cached keys: ","service":"post-service","timestamp":"2025-12-23T14:56:54.572Z"}
{"level":"info","message":"cached keys after delete: ","service":"post-service","timestamp":"2025-12-23T14:56:54.574Z"}
{"buffer":{"data":[105,74,173,182,198,63,130,243,235,48,153,228],"type":"Buffer"},"level":"warn","message":"Post created successfully","service":"post-service","timestamp":"2025-12-23T14:56:54.574Z"}
{"level":"info","message":"Received GET request to /api/posts/?id=694a877d2020bacdd98ac0d5","service":"post-service","timestamp":"2025-12-23T14:57:07.996Z"}
{"level":"info","message":"Request Body, [object Object]","service":"post-service","timestamp":"2025-12-23T14:57:07.996Z"}
{"level":"info","message":"Post service running on PORT: 3002","service":"post-service","timestamp":"2025-12-23T14:59:14.939Z"}
{"level":"info","message":"Connected to mongodb","service":"post-service","timestamp":"2025-12-23T14:59:15.833Z"}
{"level":"info","message":"Post service running on PORT: 3002","service":"post-service","timestamp":"2025-12-23T14:59:18.299Z"}
{"level":"info","message":"Connected to mongodb","service":"post-service","timestamp":"2025-12-23T14:59:19.006Z"}
{"level":"info","message":"Received GET request to /api/posts/?id=694a877d2020bacdd98ac0d5","service":"post-service","timestamp":"2025-12-23T14:59:22.992Z"}
{"level":"info","message":"Request Body, [object Object]","service":"post-service","timestamp":"2025-12-23T14:59:22.993Z"}
{"level":"info","message":"Post service running on PORT: 3002","service":"post-service","timestamp":"2025-12-23T14:59:40.441Z"}
{"level":"info","message":"Connected to mongodb","service":"post-service","timestamp":"2025-12-23T14:59:41.249Z"}
{"level":"info","message":"Received GET request to /api/posts/?id=694a877d2020bacdd98ac0d5","service":"post-service","timestamp":"2025-12-23T14:59:42.172Z"}
{"level":"info","message":"Request Body, [object Object]","service":"post-service","timestamp":"2025-12-23T14:59:42.173Z"}
{"level":"info","message":"Received GET request to /api/posts/posts-per-user","service":"post-service","timestamp":"2025-12-23T15:00:23.586Z"}
{"level":"info","message":"Request Body, [object Object]","service":"post-service","timestamp":"2025-12-23T15:00:23.588Z"}
{"level":"info","message":"Post controller getPost hit ...","service":"post-service","timestamp":"2025-12-23T15:00:23.592Z"}
{"accept":"*/*","accept-charset":"utf-8","accept-encoding":"gzip, deflate, br","authorization":"Bearer eyJhbGciOiJIUzI1NiIsInR5cCI6IkpXVCJ9.eyJ1c2VySWQiOiI2OTRhYWQwNWE5NWUzMmQ3MDkwZGZkNjIiLCJ1c2VybmFtZSI6IkNOS0Q1IiwiaWF0IjoxNzY2NTAxNjM3LCJleHAiOjE3NjY1MDUyMzd9.hdgzCyHwHpnBX8T4ghco6UE_wew6YbTOCPSw8YxDSuw","cache-control":"no-cache","connection":"close","content-length":"0","content-type":"application/json","host":"localhost:3002","level":"info","message":"request body in post controller:","postman-token":"44c564ee-6f7e-476a-9312-087e6154b084","service":"post-service","timestamp":"2025-12-23T15:00:23.593Z","user-agent":"PostmanRuntime/7.50.0","x-user-id":"694aad05a95e32d7090dfd62"}
{"0":{"__v":0,"_id":"694aadb6c63f82f3eb3099e4","createdAt":"2025-12-23T14:56:54.500Z","is_active":true,"mediaIds":[],"post_description":"this is the description of our fifth post","post_name":"this is 10 post by user : CNKD4","updatedAt":"2025-12-23T14:56:54.500Z","user":"694aad05a95e32d7090dfd62"},"level":"warn","message":"fetch posts","service":"post-service","timestamp":"2025-12-23T15:00:23.673Z"}
{"level":"info","message":"Received GET request to /api/posts/all-posts","service":"post-service","timestamp":"2025-12-23T15:00:34.127Z"}
{"level":"info","message":"Request Body, [object Object]","service":"post-service","timestamp":"2025-12-23T15:00:34.128Z"}
{"level":"info","message":"Post controller getPost hit ...","service":"post-service","timestamp":"2025-12-23T15:00:34.136Z"}
{"level":"info","message":"request body in post controller:","service":"post-service","timestamp":"2025-12-23T15:00:34.141Z"}
{"0":{"__v":0,"_id":"694aadb6c63f82f3eb3099e4","createdAt":"2025-12-23T14:56:54.500Z","is_active":true,"mediaIds":[],"post_description":"this is the description of our fifth post","post_name":"this is 10 post by user : CNKD4","updatedAt":"2025-12-23T14:56:54.500Z","user":"694aad05a95e32d7090dfd62"},"1":{"__v":0,"_id":"694a88c89dc2c62b50937749","createdAt":"2025-12-23T12:19:20.966Z","is_active":true,"mediaIds":[],"post_description":"this is the description of our fifth post","post_name":"this is 9 post by user : CNKD4","updatedAt":"2025-12-23T12:19:20.966Z","user":"694a7bada95e32d7090dfd5d"},"2":{"__v":0,"_id":"694a87d1b25dbfa4f1451574","createdAt":"2025-12-23T12:15:13.160Z","is_active":true,"mediaIds":[],"post_description":"this is the description of our fifth post","post_name":"this is 8 post by user : CNKD4","updatedAt":"2025-12-23T12:15:13.160Z","user":"694a7bada95e32d7090dfd5d"},"3":{"__v":0,"_id":"694a87a7b25dbfa4f1451570","createdAt":"2025-12-23T12:14:31.346Z","is_active":true,"mediaIds":[],"post_description":"this is the description of our fifth post","post_name":"this is 7 post by user : CNKD4","updatedAt":"2025-12-23T12:14:31.346Z","user":"694a7bada95e32d7090dfd5d"},"4":{"__v":0,"_id":"694a877d2020bacdd98ac0d5","createdAt":"2025-12-23T12:13:49.723Z","is_active":true,"mediaIds":[],"post_description":"this is the description of our fifth post","post_name":"this is 6 post by user : CNKD4","updatedAt":"2025-12-23T12:13:49.723Z","user":"694a7bada95e32d7090dfd5d"},"5":{"__v":0,"_id":"694a873219eeb79c6e9d00c6","createdAt":"2025-12-23T12:12:34.607Z","is_active":true,"mediaIds":[],"post_description":"this is the description of our fifth post","post_name":"this is 5 post by user : CNKD4","updatedAt":"2025-12-23T12:12:34.607Z","user":"694a7bada95e32d7090dfd5d"},"6":{"__v":0,"_id":"694a861fdf71119550da6aba","createdAt":"2025-12-23T12:07:59.785Z","is_active":true,"mediaIds":[],"post_description":"this is the description of our fifth post","post_name":"this is 4 post by user : CNKD4","updatedAt":"2025-12-23T12:07:59.785Z","user":"694a7bada95e32d7090dfd5d"},"7":{"__v":0,"_id":"694a860adf71119550da6ab8","createdAt":"2025-12-23T12:07:38.610Z","is_active":true,"mediaIds":[],"post_description":"this is the description of our fifth post","post_name":"this is 3 post by user : CNKD4","updatedAt":"2025-12-23T12:07:38.610Z","user":"694a7bada95e32d7090dfd5d"},"8":{"__v":0,"_id":"694a8113df71119550da6ab4","createdAt":"2025-12-23T11:46:27.478Z","is_active":true,"mediaIds":[],"post_description":"this is the description of our fifth post","post_name":"this is second post by user : CNKD4","updatedAt":"2025-12-23T11:46:27.478Z","user":"694a7bada95e32d7090dfd5d"},"9":{"__v":0,"_id":"694a80ab5cfb89a3b2bff862","createdAt":"2025-12-23T11:44:43.183Z","is_active":true,"mediaIds":[],"post_description":"this is the description of our fourth post","post_name":"this is a post by user : CNKD4","updatedAt":"2025-12-23T11:44:43.183Z","user":"694a7bada95e32d7090dfd5d"},"level":"warn","message":"fetch posts","service":"post-service","timestamp":"2025-12-23T15:00:34.257Z"}
